d:\visual studio\repos\project_8_group\project_8_group\release\vc142.pdb
d:\visual studio\repos\project_8_group\project_8_group\release\tti.obj
d:\visual studio\repos\project_8_group\project_8_group\release\subtraction.obj
d:\visual studio\repos\project_8_group\project_8_group\release\show_result.obj
d:\visual studio\repos\project_8_group\project_8_group\release\remainder_division.obj
d:\visual studio\repos\project_8_group\project_8_group\release\project_8_group.obj
d:\visual studio\repos\project_8_group\project_8_group\release\multiplication.obj
d:\visual studio\repos\project_8_group\project_8_group\release\integer_division.obj
d:\visual studio\repos\project_8_group\project_8_group\release\getoperand.obj
d:\visual studio\repos\project_8_group\project_8_group\release\getnumber1.obj
d:\visual studio\repos\project_8_group\project_8_group\release\getnumber2.obj
d:\visual studio\repos\project_8_group\project_8_group\release\condition_symbols_console.obj
d:\visual studio\repos\project_8_group\project_8_group\release\condition_symbols.obj
d:\visual studio\repos\project_8_group\project_8_group\release\comparing_multiplication.obj
d:\visual studio\repos\project_8_group\project_8_group\release\comparing_division.obj
d:\visual studio\repos\project_8_group\project_8_group\release\comparing.obj
d:\visual studio\repos\project_8_group\project_8_group\release\check_operand.obj
d:\visual studio\repos\project_8_group\project_8_group\release\checker_number.obj
d:\visual studio\repos\project_8_group\project_8_group\release\addition.obj
d:\visual studio\repos\project_8_group\release\project_8_group.exe
d:\visual studio\repos\project_8_group\release\project_8_group.pdb
d:\visual studio\repos\project_8_group\release\project_8_group.ipdb
d:\visual studio\repos\project_8_group\release\project_8_group.iobj
d:\visual studio\repos\project_8_group\project_8_group\release\project_8_group.tlog\cl.command.1.tlog
d:\visual studio\repos\project_8_group\project_8_group\release\project_8_group.tlog\cl.read.1.tlog
d:\visual studio\repos\project_8_group\project_8_group\release\project_8_group.tlog\cl.write.1.tlog
d:\visual studio\repos\project_8_group\project_8_group\release\project_8_group.tlog\link.command.1.tlog
d:\visual studio\repos\project_8_group\project_8_group\release\project_8_group.tlog\link.read.1.tlog
d:\visual studio\repos\project_8_group\project_8_group\release\project_8_group.tlog\link.write.1.tlog
d:\visual studio\repos\project_8_group\project_8_group\release\project_8_group.tlog\project_8_group.write.1u.tlog
