d:\visual studio\repos\project_8_group\project_8_group\debug\vc142.pdb
d:\visual studio\repos\project_8_group\project_8_group\debug\vc142.idb
d:\visual studio\repos\project_8_group\project_8_group\debug\tti.obj
d:\visual studio\repos\project_8_group\project_8_group\debug\subtraction.obj
d:\visual studio\repos\project_8_group\project_8_group\debug\show_result.obj
d:\visual studio\repos\project_8_group\project_8_group\debug\remainder_division.obj
d:\visual studio\repos\project_8_group\project_8_group\debug\project_8_group.obj
d:\visual studio\repos\project_8_group\project_8_group\debug\multiplication.obj
d:\visual studio\repos\project_8_group\project_8_group\debug\integer_division.obj
d:\visual studio\repos\project_8_group\project_8_group\debug\getoperand.obj
d:\visual studio\repos\project_8_group\project_8_group\debug\getnumber1.obj
d:\visual studio\repos\project_8_group\project_8_group\debug\getnumber2.obj
d:\visual studio\repos\project_8_group\project_8_group\debug\condition_symbols_console.obj
d:\visual studio\repos\project_8_group\project_8_group\debug\condition_symbols.obj
d:\visual studio\repos\project_8_group\project_8_group\debug\comparing_multiplication.obj
d:\visual studio\repos\project_8_group\project_8_group\debug\comparing_division.obj
d:\visual studio\repos\project_8_group\project_8_group\debug\comparing.obj
d:\visual studio\repos\project_8_group\project_8_group\debug\check_operand.obj
d:\visual studio\repos\project_8_group\project_8_group\debug\checker_number.obj
d:\visual studio\repos\project_8_group\project_8_group\debug\addition.obj
d:\visual studio\repos\project_8_group\debug\project_8_group.ilk
d:\visual studio\repos\project_8_group\debug\project_8_group.exe
d:\visual studio\repos\project_8_group\debug\project_8_group.pdb
d:\visual studio\repos\project_8_group\project_8_group\debug\project_8_group.tlog\cl.command.1.tlog
d:\visual studio\repos\project_8_group\project_8_group\debug\project_8_group.tlog\cl.read.1.tlog
d:\visual studio\repos\project_8_group\project_8_group\debug\project_8_group.tlog\cl.write.1.tlog
d:\visual studio\repos\project_8_group\project_8_group\debug\project_8_group.tlog\link.command.1.tlog
d:\visual studio\repos\project_8_group\project_8_group\debug\project_8_group.tlog\link.read.1.tlog
d:\visual studio\repos\project_8_group\project_8_group\debug\project_8_group.tlog\link.write.1.tlog
